This file contains any messages produced by compilers while
running configure, to aid debugging if configure makes a mistake.

It was created by GNU DejaGnu configure 1.5.1, which was
generated by GNU Autoconf 2.68.  Invocation command line was

  $ ./configure 

## --------- ##
## Platform. ##
## --------- ##

hostname = Briannas-MacBook-Pro.local
uname -m = x86_64
uname -r = 13.1.0
uname -s = Darwin
uname -v = Darwin Kernel Version 13.1.0: Thu Jan 16 19:40:37 PST 2014; root:xnu-2422.90.20~2/RELEASE_X86_64

/usr/bin/uname -p = i386
/bin/uname -X     = unknown

/bin/arch              = unknown
/usr/bin/arch -k       = unknown
/usr/convex/getsysinfo = unknown
/usr/bin/hostinfo      = Mach kernel version:
	 Darwin Kernel Version 13.1.0: Thu Jan 16 19:40:37 PST 2014; root:xnu-2422.90.20~2/RELEASE_X86_64
Kernel configured for up to 4 processors.
2 processors are physically available.
4 processors are logically available.
Processor type: i486 (Intel 80486)
Processors active: 0 1 2 3
Primary memory available: 4.00 gigabytes
Default processor set: 188 tasks, 951 threads, 4 processors
Load average: 1.71, Mach factor: 2.28
/bin/machine           = unknown
/usr/bin/oslevel       = unknown
/bin/universe          = unknown

PATH: /usr/bin
PATH: /bin
PATH: /usr/sbin
PATH: /sbin
PATH: /usr/local/bin
PATH: /opt/X11/bin
PATH: /usr/local/git/bin
PATH: /usr/texbin
PATH: /Users/Brianna/bin
PATH: /usr/local/bin
PATH: /usr/local/git/bin
PATH: /Users/Brianna/devtools/autotools-bin/bin


## ----------- ##
## Core tests. ##
## ----------- ##

configure:1868: checking for a BSD-compatible install
configure:1936: result: /usr/bin/install -c
configure:1947: checking whether build environment is sane
configure:1997: result: yes
configure:2138: checking for a thread-safe mkdir -p
configure:2177: result: ./install-sh -c -d
configure:2190: checking for gawk
configure:2220: result: no
configure:2190: checking for mawk
configure:2220: result: no
configure:2190: checking for nawk
configure:2220: result: no
configure:2190: checking for awk
configure:2206: found /usr/bin/awk
configure:2217: result: awk
configure:2228: checking whether make sets $(MAKE)
configure:2250: result: yes
configure:2331: checking whether to enable maintainer-specific portions of Makefiles
configure:2340: result: no
configure:2353: checking whether make sets $(MAKE)
configure:2375: result: yes
configure:2433: checking for gcc
configure:2449: found /usr/bin/gcc
configure:2460: result: gcc
configure:2689: checking for C compiler version
configure:2698: gcc --version >&5
Apple LLVM version 5.1 (clang-503.0.40) (based on LLVM 3.4svn)
Target: x86_64-apple-darwin13.1.0
Thread model: posix
Configured with: --prefix=/Applications/Xcode.app/Contents/Developer/usr --with-gxx-include-dir=/usr/include/c++/4.2.1
configure:2709: $? = 0
configure:2698: gcc -v >&5
Configured with: --prefix=/Applications/Xcode.app/Contents/Developer/usr --with-gxx-include-dir=/usr/include/c++/4.2.1
Apple LLVM version 5.1 (clang-503.0.40) (based on LLVM 3.4svn)
Target: x86_64-apple-darwin13.1.0
Thread model: posix
configure:2709: $? = 0
configure:2698: gcc -V >&5
clang: error: argument to '-V' is missing (expected 1 value)
clang: error: no input files
configure:2709: $? = 1
configure:2698: gcc -qversion >&5
clang: error: unknown argument: '-qversion' [-Wunused-command-line-argument-hard-error-in-future]
clang: note: this will be a hard error (cannot be downgraded to a warning) in the future
clang: error: no input files
configure:2709: $? = 1
configure:2729: checking whether the C compiler works
configure:2751: gcc    conftest.c  >&5
configure:2755: $? = 0
configure:2803: result: yes
configure:2806: checking for C compiler default output file name
configure:2808: result: a.out
configure:2814: checking for suffix of executables
configure:2821: gcc -o conftest    conftest.c  >&5
configure:2825: $? = 0
configure:2847: result: 
configure:2869: checking whether we are cross compiling
configure:2877: gcc -o conftest    conftest.c  >&5
configure:2881: $? = 0
configure:2888: ./conftest
configure:2892: $? = 0
configure:2907: result: no
configure:2912: checking for suffix of object files
configure:2934: gcc -c   conftest.c >&5
configure:2938: $? = 0
configure:2959: result: o
configure:2963: checking whether we are using the GNU C compiler
configure:2982: gcc -c   conftest.c >&5
configure:2982: $? = 0
configure:2991: result: yes
configure:3000: checking whether gcc accepts -g
configure:3020: gcc -c -g  conftest.c >&5
configure:3020: $? = 0
configure:3061: result: yes
configure:3078: checking for gcc option to accept ISO C89
configure:3142: gcc  -c -g -O2  conftest.c >&5
configure:3142: $? = 0
configure:3155: result: none needed
configure:3186: checking for style of include used by make
configure:3214: result: GNU
configure:3239: checking dependency style of gcc
configure:3349: result: gcc3
configure:3422: checking for g++
configure:3438: found /usr/bin/g++
configure:3449: result: g++
configure:3476: checking for C++ compiler version
configure:3485: g++ --version >&5
Apple LLVM version 5.1 (clang-503.0.40) (based on LLVM 3.4svn)
Target: x86_64-apple-darwin13.1.0
Thread model: posix
Configured with: --prefix=/Applications/Xcode.app/Contents/Developer/usr --with-gxx-include-dir=/usr/include/c++/4.2.1
configure:3496: $? = 0
configure:3485: g++ -v >&5
Configured with: --prefix=/Applications/Xcode.app/Contents/Developer/usr --with-gxx-include-dir=/usr/include/c++/4.2.1
Apple LLVM version 5.1 (clang-503.0.40) (based on LLVM 3.4svn)
Target: x86_64-apple-darwin13.1.0
Thread model: posix
configure:3496: $? = 0
configure:3485: g++ -V >&5
clang: error: argument to '-V' is missing (expected 1 value)
clang: error: no input files
configure:3496: $? = 1
configure:3485: g++ -qversion >&5
clang: error: unknown argument: '-qversion' [-Wunused-command-line-argument-hard-error-in-future]
clang: note: this will be a hard error (cannot be downgraded to a warning) in the future
clang: error: no input files
configure:3496: $? = 1
configure:3500: checking whether we are using the GNU C++ compiler
configure:3519: g++ -c   conftest.cpp >&5
configure:3519: $? = 0
configure:3528: result: yes
configure:3537: checking whether g++ accepts -g
configure:3557: g++ -c -g  conftest.cpp >&5
configure:3557: $? = 0
configure:3598: result: yes
configure:3623: checking dependency style of g++
configure:3733: result: gcc3
configure:3753: checking for docbook2html
configure:3784: result: false
configure:3794: checking for docbook2rtf
configure:3825: result: false
configure:3835: checking for docbook2pdf
configure:3866: result: false
configure:3876: checking for docbook2ps
configure:3907: result: false
configure:3917: checking for docbook2x-texi
configure:3948: result: false
configure:3959: checking for expect
configure:3977: found /usr/bin/expect
configure:3989: result: /usr/bin/expect
configure:4001: checking Tcl version 8.3 or greater
configure:4014: result: yes
configure:4200: creating ./config.status

## ---------------------- ##
## Running config.status. ##
## ---------------------- ##

This file was extended by GNU DejaGnu config.status 1.5.1, which was
generated by GNU Autoconf 2.68.  Invocation command line was

  CONFIG_FILES    = 
  CONFIG_HEADERS  = 
  CONFIG_LINKS    = 
  CONFIG_COMMANDS = 
  $ ./config.status 

on Briannas-MacBook-Pro.local

config.status:797: creating Makefile
config.status:969: executing depfiles commands

## ---------------- ##
## Cache variables. ##
## ---------------- ##

ac_cv_c_compiler_gnu=yes
ac_cv_cxx_compiler_gnu=yes
ac_cv_dg_tcl_modern=yes
ac_cv_env_CCC_set=
ac_cv_env_CCC_value=
ac_cv_env_CC_set=
ac_cv_env_CC_value=
ac_cv_env_CFLAGS_set=
ac_cv_env_CFLAGS_value=
ac_cv_env_CPPFLAGS_set=
ac_cv_env_CPPFLAGS_value=
ac_cv_env_CXXFLAGS_set=
ac_cv_env_CXXFLAGS_value=
ac_cv_env_CXX_set=
ac_cv_env_CXX_value=
ac_cv_env_LDFLAGS_set=
ac_cv_env_LDFLAGS_value=
ac_cv_env_LIBS_set=
ac_cv_env_LIBS_value=
ac_cv_env_build_alias_set=
ac_cv_env_build_alias_value=
ac_cv_env_host_alias_set=
ac_cv_env_host_alias_value=
ac_cv_env_target_alias_set=
ac_cv_env_target_alias_value=
ac_cv_objext=o
ac_cv_path_DOCBOOK2HTML=false
ac_cv_path_DOCBOOK2PDF=false
ac_cv_path_DOCBOOK2PS=false
ac_cv_path_DOCBOOK2RTF=false
ac_cv_path_DOCBOOK2TEXI=false
ac_cv_path_EXPECT=/usr/bin/expect
ac_cv_path_install='/usr/bin/install -c'
ac_cv_prog_AWK=awk
ac_cv_prog_ac_ct_CC=gcc
ac_cv_prog_ac_ct_CXX=g++
ac_cv_prog_cc_c89=
ac_cv_prog_cc_g=yes
ac_cv_prog_cxx_g=yes
ac_cv_prog_make_make_set=yes
am_cv_CC_dependencies_compiler_type=gcc3
am_cv_CXX_dependencies_compiler_type=gcc3

## ----------------- ##
## Output variables. ##
## ----------------- ##

ACLOCAL='${SHELL} /Users/Brianna/Documents/School/CS510-SWTesting/dejagnu-1.5.1-clean/missing --run aclocal-1.11'
AMDEPBACKSLASH='\'
AMDEP_FALSE='#'
AMDEP_TRUE=''
AMTAR='${SHELL} /Users/Brianna/Documents/School/CS510-SWTesting/dejagnu-1.5.1-clean/missing --run tar'
AUTOCONF='${SHELL} /Users/Brianna/Documents/School/CS510-SWTesting/dejagnu-1.5.1-clean/missing --run autoconf'
AUTOHEADER='${SHELL} /Users/Brianna/Documents/School/CS510-SWTesting/dejagnu-1.5.1-clean/missing --run autoheader'
AUTOMAKE='${SHELL} /Users/Brianna/Documents/School/CS510-SWTesting/dejagnu-1.5.1-clean/missing --run automake-1.11'
AWK='awk'
CC='gcc'
CCDEPMODE='depmode=gcc3'
CFLAGS='-g -O2'
CPPFLAGS=''
CXX='g++'
CXXDEPMODE='depmode=gcc3'
CXXFLAGS='-g -O2'
CYGPATH_W='echo'
DEFS='-DPACKAGE_NAME=\"GNU\ DejaGnu\" -DPACKAGE_TARNAME=\"dejagnu\" -DPACKAGE_VERSION=\"1.5.1\" -DPACKAGE_STRING=\"GNU\ DejaGnu\ 1.5.1\" -DPACKAGE_BUGREPORT=\"bug-dejagnu@gnu.org\" -DPACKAGE_URL=\"http://www.gnu.org/software/dejagnu/\" -DPACKAGE=\"dejagnu\" -DVERSION=\"1.5.1\"'
DEPDIR='.deps'
DOCBOOK2HTML='false'
DOCBOOK2PDF='false'
DOCBOOK2PS='false'
DOCBOOK2RTF='false'
DOCBOOK2TEXI='false'
ECHO_C='\c'
ECHO_N=''
ECHO_T=''
EXEEXT=''
EXPECT='/usr/bin/expect'
INSTALL_DATA='${INSTALL} -m 644'
INSTALL_PROGRAM='${INSTALL}'
INSTALL_SCRIPT='${INSTALL}'
INSTALL_STRIP_PROGRAM='$(install_sh) -c -s'
LDFLAGS=''
LIBOBJS=''
LIBS=''
LTLIBOBJS=''
MAINT='#'
MAINTAINER_MODE_FALSE=''
MAINTAINER_MODE_TRUE='#'
MAKEINFO='${SHELL} /Users/Brianna/Documents/School/CS510-SWTesting/dejagnu-1.5.1-clean/missing --run makeinfo'
MKDIR_P='./install-sh -c -d'
OBJEXT='o'
PACKAGE='dejagnu'
PACKAGE_BUGREPORT='bug-dejagnu@gnu.org'
PACKAGE_NAME='GNU DejaGnu'
PACKAGE_STRING='GNU DejaGnu 1.5.1'
PACKAGE_TARNAME='dejagnu'
PACKAGE_URL='http://www.gnu.org/software/dejagnu/'
PACKAGE_VERSION='1.5.1'
PATH_SEPARATOR=':'
SET_MAKE=''
SHELL='/bin/sh'
STRIP=''
VERSION='1.5.1'
ac_ct_CC='gcc'
ac_ct_CXX='g++'
am__EXEEXT_FALSE=''
am__EXEEXT_TRUE='#'
am__fastdepCC_FALSE='#'
am__fastdepCC_TRUE=''
am__fastdepCXX_FALSE='#'
am__fastdepCXX_TRUE=''
am__include='include'
am__isrc=''
am__leading_dot='.'
am__quote=''
am__tar='${AMTAR} chof - "$$tardir"'
am__untar='${AMTAR} xf -'
bindir='${exec_prefix}/bin'
build_alias=''
datadir='${datarootdir}'
datarootdir='${prefix}/share'
docdir='${datarootdir}/doc/${PACKAGE_TARNAME}'
dvidir='${docdir}'
exec_prefix='${prefix}'
host_alias=''
htmldir='${docdir}'
includedir='${prefix}/include'
infodir='${datarootdir}/info'
install_sh='${SHELL} /Users/Brianna/Documents/School/CS510-SWTesting/dejagnu-1.5.1-clean/install-sh'
libdir='${exec_prefix}/lib'
libexecdir='${exec_prefix}/libexec'
localedir='${datarootdir}/locale'
localstatedir='${prefix}/var'
mandir='${datarootdir}/man'
mkdir_p='$(top_builddir)/./install-sh -c -d'
oldincludedir='/usr/include'
pdfdir='${docdir}'
prefix='/usr/local'
program_transform_name='s,x,x,'
psdir='${docdir}'
sbindir='${exec_prefix}/sbin'
sharedstatedir='${prefix}/com'
subdirs=' example/calc example/hello example/mathhelper'
sysconfdir='${prefix}/etc'
target_alias=''

## ----------- ##
## confdefs.h. ##
## ----------- ##

/* confdefs.h */
#define PACKAGE_NAME "GNU DejaGnu"
#define PACKAGE_TARNAME "dejagnu"
#define PACKAGE_VERSION "1.5.1"
#define PACKAGE_STRING "GNU DejaGnu 1.5.1"
#define PACKAGE_BUGREPORT "bug-dejagnu@gnu.org"
#define PACKAGE_URL "http://www.gnu.org/software/dejagnu/"
#define PACKAGE "dejagnu"
#define VERSION "1.5.1"

configure: exit 0
